function handleClick(event, wrapper, img) {
  const rect = img.getBoundingClientRect();
  const clickX = event.clientX - rect.left;
  const clickY = event.clientY - rect.top;

  console.log('Click Coordinates:', clickX, clickY); // Debugging line

  gameData.differences.forEach((diff, index) => {
    if (found.includes(index)) return;
    const scaleX = img.width / img.naturalWidth;
    const scaleY = img.height / img.naturalHeight;

    const diffX = diff.x * scaleX;
    const diffY = diff.y * scaleY;
    const diffW = diff.width * scaleX;
    const diffH = diff.height * scaleY;

    console.log('Difference Coordinates:', diffX, diffY, diffW, diffH); // Debugging line

    if (
      clickX >= diffX && clickX <= diffX + diffW &&
      clickY >= diffY && clickY <= diffY + diffH
    ) {
      found.push(index);
      drawCircle(wrapper, diffX, diffY, diffW, diffH);
      updateScore();
    }
  });
}
